2025-02-07 08:30:00,808 - INFO - Executando tarefas agendadas para o dia: Sexta-feira
2025-02-07 08:30:00,808 - INFO - Iniciando atualização do script.
2025-02-07 08:30:00,808 - INFO - Tentativa 1/5 de conectar à internet...
2025-02-07 08:30:00,855 - INFO - Internet conectada com sucesso.
2025-02-07 08:30:00,855 - INFO - A conexão com a internet foi estabelecida com sucesso.
2025-02-07 08:30:00,855 - INFO - Arquivo .bat criado com sucesso: C:\Users\xxis4\Desktop\gerenciamento-ordens-b3\strategies\A\update.bat
2025-02-07 08:30:00,855 - INFO - Iniciando a execução do script update.bat da estratégia A.
2025-02-07 08:30:00,855 - INFO - Execução do script update da estratégia A iniciada com sucesso!
2025-02-07 08:30:00,855 - INFO - Arquivo .bat criado com sucesso: C:\Users\xxis4\Desktop\gerenciamento-ordens-b3\strategies\B\update.bat
2025-02-07 08:30:00,855 - INFO - Iniciando a execução do script update.bat da estratégia B.
2025-02-07 08:30:00,870 - INFO - Execução do script update da estratégia B iniciada com sucesso!
2025-02-07 08:50:00,298 - INFO - Executando tarefas agendadas para o dia: Sexta-feira
2025-02-07 08:50:00,298 - INFO - Abrindo mercado.
2025-02-07 08:50:00,298 - INFO - Tentativa 1/5 de conectar à internet...
2025-02-07 08:50:00,329 - INFO - Internet conectada com sucesso.
2025-02-07 08:50:00,329 - INFO - A conexão com a internet foi estabelecida com sucesso.
2025-02-07 08:50:00,329 - INFO - Iniciando a execução do script open.bat da estratégia A.
2025-02-07 08:50:00,361 - INFO - Execução do script open da estratégia A iniciada com sucesso!
2025-02-07 08:50:00,361 - INFO - Iniciando a execução do script open.bat da estratégia B.
2025-02-07 08:50:00,376 - INFO - Execução do script open da estratégia B iniciada com sucesso!
